生成启动时间为 2018-10-15 16:13:25。
     1>项目“F:\代码\FILE\文件加密解密\文件加密解密.vcxproj”在节点 2 上(Build 个目标)。
     1>ClCompile:
         F:\visual studio 2013install\VC\bin\CL.exe /c /ZI /nologo /W3 /WX- /Od /Oy- /D WIN32 /D _DEBUG /D _CONSOLE /D _LIB /D _UNICODE /D UNICODE /Gm /EHsc /RTC1 /MDd /GS /fp:precise /Zc:wchar_t /Zc:forScope /Fo"Debug\\" /Fd"Debug\vc120.pdb" /Gd /TC /analyze- /errorReport:prompt deal_file.c des.c main.c menu.c
         menu.c
     1>f:\代码\file\文件加密解密\menu.c(4): warning C4013: “printf”未定义；假设外部返回 int
     1>f:\代码\file\文件加密解密\menu.c(15): warning C4013: “scanf”未定义；假设外部返回 int
     1>f:\代码\file\文件加密解密\menu.c(18): warning C4013: “enc”未定义；假设外部返回 int
     1>f:\代码\file\文件加密解密\menu.c(34): warning C4013: “des”未定义；假设外部返回 int
     1>f:\代码\file\文件加密解密\menu.c(44): warning C4013: “exit”未定义；假设外部返回 int
         main.c
     1>f:\代码\file\文件加密解密\main.c(30): warning C4996: '_sleep': This function or variable has been superceded by newer library or operating system functionality. Consider using Sleep instead. See online help for details.
                 f:\visual studio 2013install\vc\include\stdlib.h(911) : 参见“_sleep”的声明
         des.c
         deal_file.c
     1>f:\代码\file\文件加密解密\deal_file.c(7): warning C4996: 'fopen': This function or variable may be unsafe. Consider using fopen_s instead. To disable deprecation, use _CRT_SECURE_NO_WARNINGS. See online help for details.
                 f:\visual studio 2013install\vc\include\stdio.h(211) : 参见“fopen”的声明
     1>f:\代码\file\文件加密解密\deal_file.c(13): warning C4996: 'fopen': This function or variable may be unsafe. Consider using fopen_s instead. To disable deprecation, use _CRT_SECURE_NO_WARNINGS. See online help for details.
                 f:\visual studio 2013install\vc\include\stdio.h(211) : 参见“fopen”的声明
     1>f:\代码\file\文件加密解密\deal_file.c(41): warning C4996: 'fopen': This function or variable may be unsafe. Consider using fopen_s instead. To disable deprecation, use _CRT_SECURE_NO_WARNINGS. See online help for details.
                 f:\visual studio 2013install\vc\include\stdio.h(211) : 参见“fopen”的声明
     1>f:\代码\file\文件加密解密\deal_file.c(47): warning C4996: 'fopen': This function or variable may be unsafe. Consider using fopen_s instead. To disable deprecation, use _CRT_SECURE_NO_WARNINGS. See online help for details.
                 f:\visual studio 2013install\vc\include\stdio.h(211) : 参见“fopen”的声明
         正在生成代码...
       Link:
         F:\visual studio 2013install\VC\bin\link.exe /ERRORREPORT:PROMPT /OUT:"F:\代码\FILE\Debug\文件加密解密.exe" /INCREMENTAL /NOLOGO kernel32.lib user32.lib gdi32.lib winspool.lib comdlg32.lib advapi32.lib shell32.lib ole32.lib oleaut32.lib uuid.lib odbc32.lib odbccp32.lib /MANIFEST /MANIFESTUAC:"level='asInvoker' uiAccess='false'" /manifest:embed /DEBUG /PDB:"F:\代码\FILE\Debug\文件加密解密.pdb" /SUBSYSTEM:CONSOLE /TLBID:1 /DYNAMICBASE /NXCOMPAT /IMPLIB:"F:\代码\FILE\Debug\文件加密解密.lib" /MACHINE:X86 Debug\deal_file.obj
         Debug\des.obj
         Debug\main.obj
         Debug\menu.obj
         文件加密解密.vcxproj -> F:\代码\FILE\Debug\文件加密解密.exe
     1>已完成生成项目“F:\代码\FILE\文件加密解密\文件加密解密.vcxproj”(Build 个目标)的操作。

生成成功。

已用时间 00:00:02.94
